4113080
{ Error: Request failed with status code 422
    at createError (/home/olivier-dev/projects/node_modules/axios/lib/core/createError.js:16:15)
    at settle (/home/olivier-dev/projects/node_modules/axios/lib/core/settle.js:17:12)
    at IncomingMessage.handleStreamEnd (/home/olivier-dev/projects/node_modules/axios/lib/adapters/http.js:236:11)
    at emitNone (events.js:111:20)
    at IncomingMessage.emit (events.js:208:7)
    at endReadableNT (_stream_readable.js:1064:12)
    at _combinedTickCallback (internal/process/next_tick.js:138:11)
    at process._tickCallback (internal/process/next_tick.js:180:9)
  config: 
   { url: 'https://www.refersion.com/api/manual_credit_order_id',
     method: 'post',
     data: '{"id":4113080,"notes":"This is test 3","order_id":1019,"status":"APPROVED"}',
     headers: 
      { Accept: 'application/json, text/plain, */*',
        'Content-Type': 'application/json',
        'Refersion-Public-Key': 'pub_f5e8e8370bc7bae15db7',
        'Refersion-Secret-Key': 'sec_ec9455dce6afa909035b',
        'User-Agent': 'axios/0.19.2',
        'Content-Length': 75 },
     transformRequest: [ [Function: transformRequest] ],
     transformResponse: [ [Function: transformResponse] ],
     timeout: 0,
     adapter: [Function: httpAdapter],
     xsrfCookieName: 'XSRF-TOKEN',
     xsrfHeaderName: 'X-XSRF-TOKEN',
     maxContentLength: -1,
     validateStatus: [Function: validateStatus] },
  request: 
   ClientRequest {
     domain: null,
     _events: 
      { socket: [Function],
        abort: [Function],
        aborted: [Function],
        error: [Function],
        timeout: [Function],
        prefinish: [Function: requestOnPrefinish] },
     _eventsCount: 6,
     _maxListeners: undefined,
     output: [],
     outputEncodings: [],
     outputCallbacks: [],
     outputSize: 0,
     writable: true,
     _last: true,
     upgrading: false,
     chunkedEncoding: false,
     shouldKeepAlive: false,
     useChunkedEncodingByDefault: true,
     sendDate: false,
     _removedConnection: false,
     _removedContLen: false,
     _removedTE: false,
     _contentLength: null,
     _hasBody: true,
     _trailer: '',
     finished: true,
     _headerSent: true,
     socket: 
      TLSSocket {
        _tlsOptions: [Object],
        _secureEstablished: true,
        _securePending: false,
        _newSessionPending: false,
        _controlReleased: true,
        _SNICallback: null,
        servername: null,
        npnProtocol: false,
        alpnProtocol: false,
        authorized: true,
        authorizationError: null,
        encrypted: true,
        _events: [Object],
        _eventsCount: 9,
        connecting: false,
        _hadError: false,
        _handle: null,
        _parent: null,
        _host: 'www.refersion.com',
        _readableState: [Object],
        readable: false,
        domain: null,
        _maxListeners: undefined,
        _writableState: [Object],
        writable: false,
        allowHalfOpen: false,
        _bytesDispatched: 381,
        _sockname: null,
        _pendingData: null,
        _pendingEncoding: '',
        server: undefined,
        _server: null,
        ssl: null,
        _requestCert: true,
        _rejectUnauthorized: true,
        parser: null,
        _httpMessage: [Circular],
        read: [Function],
        _consuming: true,
        _idleNext: null,
        _idlePrev: null,
        _idleTimeout: -1,
        [Symbol(asyncId)]: 17,
        [Symbol(bytesRead)]: 1273 },
     connection: 
      TLSSocket {
        _tlsOptions: [Object],
        _secureEstablished: true,
        _securePending: false,
        _newSessionPending: false,
        _controlReleased: true,
        _SNICallback: null,
        servername: null,
        npnProtocol: false,
        alpnProtocol: false,
        authorized: true,
        authorizationError: null,
        encrypted: true,
        _events: [Object],
        _eventsCount: 9,
        connecting: false,
        _hadError: false,
        _handle: null,
        _parent: null,
        _host: 'www.refersion.com',
        _readableState: [Object],
        readable: false,
        domain: null,
        _maxListeners: undefined,
        _writableState: [Object],
        writable: false,
        allowHalfOpen: false,
        _bytesDispatched: 381,
        _sockname: null,
        _pendingData: null,
        _pendingEncoding: '',
        server: undefined,
        _server: null,
        ssl: null,
        _requestCert: true,
        _rejectUnauthorized: true,
        parser: null,
        _httpMessage: [Circular],
        read: [Function],
        _consuming: true,
        _idleNext: null,
        _idlePrev: null,
        _idleTimeout: -1,
        [Symbol(asyncId)]: 17,
        [Symbol(bytesRead)]: 1273 },
     _header: 'POST /api/manual_credit_order_id HTTP/1.1\r\nAccept: application/json, text/plain, */*\r\nContent-Type: application/json\r\nRefersion-Public-Key: pub_f5e8e8370bc7bae15db7\r\nRefersion-Secret-Key: sec_ec9455dce6afa909035b\r\nUser-Agent: axios/0.19.2\r\nContent-Length: 75\r\nHost: www.refersion.com\r\nConnection: close\r\n\r\n',
     _onPendingData: [Function: noopPendingOutput],
     agent: 
      Agent {
        domain: null,
        _events: [Object],
        _eventsCount: 1,
        _maxListeners: undefined,
        defaultPort: 443,
        protocol: 'https:',
        options: [Object],
        requests: {},
        sockets: [Object],
        freeSockets: {},
        keepAliveMsecs: 1000,
        keepAlive: false,
        maxSockets: Infinity,
        maxFreeSockets: 256,
        maxCachedSessions: 100,
        _sessionCache: [Object] },
     socketPath: undefined,
     timeout: undefined,
     method: 'POST',
     path: '/api/manual_credit_order_id',
     _ended: true,
     res: 
      IncomingMessage {
        _readableState: [Object],
        readable: false,
        domain: null,
        _events: [Object],
        _eventsCount: 3,
        _maxListeners: undefined,
        socket: [Object],
        connection: [Object],
        httpVersionMajor: 1,
        httpVersionMinor: 1,
        httpVersion: '1.1',
        complete: true,
        headers: [Object],
        rawHeaders: [Array],
        trailers: {},
        rawTrailers: [],
        upgrade: false,
        url: '',
        method: null,
        statusCode: 422,
        statusMessage: 'Unprocessable Entity',
        client: [Object],
        _consuming: true,
        _dumped: false,
        req: [Circular],
        responseUrl: 'https://www.refersion.com/api/manual_credit_order_id',
        redirects: [],
        read: [Function] },
     aborted: undefined,
     timeoutCb: null,
     upgradeOrConnect: false,
     parser: null,
     maxHeadersCount: null,
     _redirectable: 
      Writable {
        _writableState: [Object],
        writable: true,
        domain: null,
        _events: [Object],
        _eventsCount: 2,
        _maxListeners: undefined,
        _options: [Object],
        _redirectCount: 0,
        _redirects: [],
        _requestBodyLength: 75,
        _requestBodyBuffers: [],
        _onNativeResponse: [Function],
        _currentRequest: [Circular],
        _currentUrl: 'https://www.refersion.com/api/manual_credit_order_id' },
     [Symbol(outHeadersKey)]: 
      { accept: [Array],
        'content-type': [Array],
        'refersion-public-key': [Array],
        'refersion-secret-key': [Array],
        'user-agent': [Array],
        'content-length': [Array],
        host: [Array] } },
  response: 
   { status: 422,
     statusText: 'Unprocessable Entity',
     headers: 
      { date: 'Fri, 10 Jul 2020 03:27:40 GMT',
        'content-type': 'text/html; charset=UTF-8',
        'transfer-encoding': 'chunked',
        connection: 'close',
        'set-cookie': [Array],
        'access-control-allow-origin': '*',
        'cache-control': 'no-store, no-cache, must-revalidate',
        expires: 'Sat, 26 Jul 1997 05:00:00 GMT',
        'x-php-response-code': '422',
        'x-server-name': 'www.refersion.com',
        'cf-cache-status': 'DYNAMIC',
        'cf-request-id': '03d85cc3890000f04d25026200000001',
        'expect-ct': 'max-age=604800, report-uri="https://report-uri.cloudflare.com/cdn-cgi/beacon/expect-ct"',
        server: 'cloudflare',
        'cf-ray': '5b0730b27de4f04d-EWR' },
     config: 
      { url: 'https://www.refersion.com/api/manual_credit_order_id',
        method: 'post',
        data: '{"id":4113080,"notes":"This is test 3","order_id":1019,"status":"APPROVED"}',
        headers: [Object],
        transformRequest: [Array],
        transformResponse: [Array],
        timeout: 0,
        adapter: [Function: httpAdapter],
        xsrfCookieName: 'XSRF-TOKEN',
        xsrfHeaderName: 'X-XSRF-TOKEN',
        maxContentLength: -1,
        validateStatus: [Function: validateStatus] },
     request: 
      ClientRequest {
        domain: null,
        _events: [Object],
        _eventsCount: 6,
        _maxListeners: undefined,
        output: [],
        outputEncodings: [],
        outputCallbacks: [],
        outputSize: 0,
        writable: true,
        _last: true,
        upgrading: false,
        chunkedEncoding: false,
        shouldKeepAlive: false,
        useChunkedEncodingByDefault: true,
        sendDate: false,
        _removedConnection: false,
        _removedContLen: false,
        _removedTE: false,
        _contentLength: null,
        _hasBody: true,
        _trailer: '',
        finished: true,
        _headerSent: true,
        socket: [Object],
        connection: [Object],
        _header: 'POST /api/manual_credit_order_id HTTP/1.1\r\nAccept: application/json, text/plain, */*\r\nContent-Type: application/json\r\nRefersion-Public-Key: pub_f5e8e8370bc7bae15db7\r\nRefersion-Secret-Key: sec_ec9455dce6afa909035b\r\nUser-Agent: axios/0.19.2\r\nContent-Length: 75\r\nHost: www.refersion.com\r\nConnection: close\r\n\r\n',
        _onPendingData: [Function: noopPendingOutput],
        agent: [Object],
        socketPath: undefined,
        timeout: undefined,
        method: 'POST',
        path: '/api/manual_credit_order_id',
        _ended: true,
        res: [Object],
        aborted: undefined,
        timeoutCb: null,
        upgradeOrConnect: false,
        parser: null,
        maxHeadersCount: null,
        _redirectable: [Object],
        [Symbol(outHeadersKey)]: [Object] },
     data: { error: 'Invalid order ID (error 5).' } },
  isAxiosError: true,
  toJSON: [Function] }
